This is XeTeX, Version 3.141592653-2.6-0.999995 (TeX Live 2023) (preloaded format=xelatex 2023.4.4)  12 JUL 2023 22:50
entering extended mode
 restricted \write18 enabled.
 %&-line parsing enabled.
**main.tex
(./main.tex
LaTeX2e <2022-11-01> patch level 1
L3 programming layer <2023-02-22>
(/usr/local/texlive/2023/texmf-dist/tex/latex/base/article.cls
Document Class: article 2022/07/02 v1.4n Standard LaTeX document class
(/usr/local/texlive/2023/texmf-dist/tex/latex/base/size10.clo
File: size10.clo 2022/07/02 v1.4n Standard LaTeX file (size option)
)
\c@part=\count181
\c@section=\count182
\c@subsection=\count183
\c@subsubsection=\count184
\c@paragraph=\count185
\c@subparagraph=\count186
\c@figure=\count187
\c@table=\count188
\abovecaptionskip=\skip48
\belowcaptionskip=\skip49
\bibindent=\dimen140
)
(./structure.tex
(/usr/local/texlive/2023/texmf-dist/tex/latex/microtype/microtype.sty
Package: microtype 2023/03/13 v3.1a Micro-typographical refinements (RS)

(/usr/local/texlive/2023/texmf-dist/tex/latex/graphics/keyval.sty
Package: keyval 2022/05/29 v1.15 key=value parser (DPC)
\KV@toks@=\toks16
)
(/usr/local/texlive/2023/texmf-dist/tex/latex/etoolbox/etoolbox.sty
Package: etoolbox 2020/10/05 v2.5k e-TeX tools for LaTeX (JAW)
\etb@tempcnta=\count189
)
\MT@toks=\toks17
\MT@tempbox=\box51
\MT@count=\count190
LaTeX Info: Redefining \noprotrusionifhmode on input line 1059.
LaTeX Info: Redefining \leftprotrusion on input line 1060.
\MT@prot@toks=\toks18
LaTeX Info: Redefining \rightprotrusion on input line 1078.
LaTeX Info: Redefining \textls on input line 1368.
\MT@outer@kern=\dimen141
LaTeX Info: Redefining \textmicrotypecontext on input line 1988.
\MT@listname@count=\count191

(/usr/local/texlive/2023/texmf-dist/tex/latex/microtype/microtype-xetex.def
File: microtype-xetex.def 2023/03/13 v3.1a Definitions specific to xetex (RS)
LaTeX Info: Redefining \lsstyle on input line 238.
)
Package microtype Info: Loading configuration file microtype.cfg.

(/usr/local/texlive/2023/texmf-dist/tex/latex/microtype/microtype.cfg
File: microtype.cfg 2023/03/13 v3.1a microtype main configuration file (RS)
))
(/usr/local/texlive/2023/texmf-dist/tex/latex/amsmath/amsmath.sty
Package: amsmath 2022/04/08 v2.17n AMS math features
\@mathmargin=\skip50

For additional information on amsmath, use the `?' option.
(/usr/local/texlive/2023/texmf-dist/tex/latex/amsmath/amstext.sty
Package: amstext 2021/08/26 v2.01 AMS text

(/usr/local/texlive/2023/texmf-dist/tex/latex/amsmath/amsgen.sty
File: amsgen.sty 1999/11/30 v2.0 generic functions
\@emptytoks=\toks19
\ex@=\dimen142
))
(/usr/local/texlive/2023/texmf-dist/tex/latex/amsmath/amsbsy.sty
Package: amsbsy 1999/11/29 v1.2d Bold Symbols
\pmbraise@=\dimen143
)
(/usr/local/texlive/2023/texmf-dist/tex/latex/amsmath/amsopn.sty
Package: amsopn 2022/04/08 v2.04 operator names
)
\inf@bad=\count192
LaTeX Info: Redefining \frac on input line 234.
\uproot@=\count193
\leftroot@=\count194
LaTeX Info: Redefining \overline on input line 399.
LaTeX Info: Redefining \colon on input line 410.
\classnum@=\count195
\DOTSCASE@=\count196
LaTeX Info: Redefining \ldots on input line 496.
LaTeX Info: Redefining \dots on input line 499.
LaTeX Info: Redefining \cdots on input line 620.
\Mathstrutbox@=\box52
\strutbox@=\box53
LaTeX Info: Redefining \big on input line 722.
LaTeX Info: Redefining \Big on input line 723.
LaTeX Info: Redefining \bigg on input line 724.
LaTeX Info: Redefining \Bigg on input line 725.
\big@size=\dimen144
LaTeX Font Info:    Redeclaring font encoding OML on input line 743.
LaTeX Font Info:    Redeclaring font encoding OMS on input line 744.
\macc@depth=\count197
LaTeX Info: Redefining \bmod on input line 905.
LaTeX Info: Redefining \pmod on input line 910.
LaTeX Info: Redefining \smash on input line 940.
LaTeX Info: Redefining \relbar on input line 970.
LaTeX Info: Redefining \Relbar on input line 971.
\c@MaxMatrixCols=\count198
\dotsspace@=\muskip16
\c@parentequation=\count199
\dspbrk@lvl=\count266
\tag@help=\toks20
\row@=\count267
\column@=\count268
\maxfields@=\count269
\andhelp@=\toks21
\eqnshift@=\dimen145
\alignsep@=\dimen146
\tagshift@=\dimen147
\tagwidth@=\dimen148
\totwidth@=\dimen149
\lineht@=\dimen150
\@envbody=\toks22
\multlinegap=\skip51
\multlinetaggap=\skip52
\mathdisplay@stack=\toks23
LaTeX Info: Redefining \[ on input line 2953.
LaTeX Info: Redefining \] on input line 2954.
)
(/usr/local/texlive/2023/texmf-dist/tex/latex/amsfonts/amsfonts.sty
Package: amsfonts 2013/01/14 v3.01 Basic AMSFonts support
\symAMSa=\mathgroup4
\symAMSb=\mathgroup5
LaTeX Font Info:    Redeclaring math symbol \hbar on input line 98.
LaTeX Font Info:    Overwriting math alphabet `\mathfrak' in version `bold'
(Font)                  U/euf/m/n --> U/euf/b/n on input line 106.
)
(/usr/local/texlive/2023/texmf-dist/tex/latex/amscls/amsthm.sty
Package: amsthm 2020/05/29 v2.20.6
\thm@style=\toks24
\thm@bodyfont=\toks25
\thm@headfont=\toks26
\thm@notefont=\toks27
\thm@headpunct=\toks28
\thm@preskip=\skip53
\thm@postskip=\skip54
\thm@headsep=\skip55
\dth@everypar=\toks29
)
(/usr/local/texlive/2023/texmf-dist/tex/latex/xcolor/xcolor.sty
Package: xcolor 2022/06/12 v2.14 LaTeX color extensions (UK)

(/usr/local/texlive/2023/texmf-dist/tex/latex/graphics-cfg/color.cfg
File: color.cfg 2016/01/02 v1.6 sample color configuration
)
Package xcolor Info: Driver file: xetex.def on input line 227.

(/usr/local/texlive/2023/texmf-dist/tex/latex/graphics-def/xetex.def
File: xetex.def 2022/09/22 v5.0n Graphics/color driver for xetex
)
(/usr/local/texlive/2023/texmf-dist/tex/latex/graphics/mathcolor.ltx)
Package xcolor Info: Model `cmy' substituted by `cmy0' on input line 1353.
Package xcolor Info: Model `RGB' extended on input line 1369.
Package xcolor Info: Model `HTML' substituted by `rgb' on input line 1371.
Package xcolor Info: Model `Hsb' substituted by `hsb' on input line 1372.
Package xcolor Info: Model `tHsb' substituted by `hsb' on input line 1373.
Package xcolor Info: Model `HSB' substituted by `hsb' on input line 1374.
Package xcolor Info: Model `Gray' substituted by `gray' on input line 1375.
Package xcolor Info: Model `wave' substituted by `hsb' on input line 1376.

(/usr/local/texlive/2023/texmf-dist/tex/latex/xcolor/svgnam.def
File: svgnam.def 2022/06/12 v2.14 Predefined colors according to SVG 1.1 (UK)
))
(/usr/local/texlive/2023/texmf-dist/tex/latex/caption/caption.sty
Package: caption 2023/03/12 v3.6j Customizing captions (AR)

(/usr/local/texlive/2023/texmf-dist/tex/latex/caption/caption3.sty
Package: caption3 2023/03/12 v2.4 caption3 kernel (AR)
\caption@tempdima=\dimen151
\captionmargin=\dimen152
\caption@leftmargin=\dimen153
\caption@rightmargin=\dimen154
\caption@width=\dimen155
\caption@indent=\dimen156
\caption@parindent=\dimen157
\caption@hangindent=\dimen158
Package caption Info: Standard document class detected.
)
\c@caption@flags=\count270
\c@continuedfloat=\count271
)
(/usr/local/texlive/2023/texmf-dist/tex/latex/booktabs/booktabs.sty
Package: booktabs 2020/01/12 v1.61803398 Publication quality tables
\heavyrulewidth=\dimen159
\lightrulewidth=\dimen160
\cmidrulewidth=\dimen161
\belowrulesep=\dimen162
\belowbottomsep=\dimen163
\aboverulesep=\dimen164
\abovetopsep=\dimen165
\cmidrulesep=\dimen166
\cmidrulekern=\dimen167
\defaultaddspace=\dimen168
\@cmidla=\count272
\@cmidlb=\count273
\@aboverulesep=\dimen169
\@belowrulesep=\dimen170
\@thisruleclass=\count274
\@lastruleclass=\count275
\@thisrulewidth=\dimen171
)
(/usr/local/texlive/2023/texmf-dist/tex/latex/lastpage/lastpage.sty
Package: lastpage 2023/03/07 v2.0a lastpage: 2.09 or 2e? (HMM)

(/usr/local/texlive/2023/texmf-dist/tex/latex/lastpage/lastpage2e.sty
Package: lastpage2e 2023/03/07 v2.0a Decide which 2e lastpage version to use (H
MM)

(/usr/local/texlive/2023/texmf-dist/tex/latex/lastpage/lastpagemodern.sty
Package: lastpagemodern 2023-03-07 v2.0a Refers to last page's name (HMM; JPG)
) 
)) (/usr/local/texlive/2023/texmf-dist/tex/latex/graphics/graphicx.sty
Package: graphicx 2021/09/16 v1.2d Enhanced LaTeX Graphics (DPC,SPQR)

(/usr/local/texlive/2023/texmf-dist/tex/latex/graphics/graphics.sty
Package: graphics 2022/03/10 v1.4e Standard LaTeX Graphics (DPC,SPQR)

(/usr/local/texlive/2023/texmf-dist/tex/latex/graphics/trig.sty
Package: trig 2021/08/11 v1.11 sin cos tan (DPC)
)
(/usr/local/texlive/2023/texmf-dist/tex/latex/graphics-cfg/graphics.cfg
File: graphics.cfg 2016/06/04 v1.11 sample graphics configuration
)
Package graphics Info: Driver file: xetex.def on input line 107.
)
\Gin@req@height=\dimen172
\Gin@req@width=\dimen173
)
(/usr/local/texlive/2023/texmf-dist/tex/latex/enumitem/enumitem.sty
Package: enumitem 2019/06/20 v3.9 Customized lists
\labelindent=\skip56
\enit@outerparindent=\dimen174
\enit@toks=\toks30
\enit@inbox=\box54
\enit@count@id=\count276
\enitdp@description=\count277
)
(/usr/local/texlive/2023/texmf-dist/tex/latex/sectsty/sectsty.sty
Package: sectsty 2002/02/25 v2.0.2 Commands to change all sectional heading sty
les


LaTeX Warning: Command \underbar  has changed.
               Check if current package is valid.


LaTeX Warning: Command \underline  has changed.
               Check if current package is valid.

) (/usr/local/texlive/2023/texmf-dist/tex/latex/float/float.sty
Package: float 2001/11/08 v1.3d Float enhancements (AL)
\c@float@type=\count278
\float@exts=\toks31
\float@box=\box55
\@float@everytoks=\toks32
\@floatcapt=\box56
)
(/usr/local/texlive/2023/texmf-dist/tex/latex/geometry/geometry.sty
Package: geometry 2020/01/02 v5.9 Page Geometry

(/usr/local/texlive/2023/texmf-dist/tex/generic/iftex/ifvtex.sty
Package: ifvtex 2019/10/25 v1.7 ifvtex legacy package. Use iftex instead.

(/usr/local/texlive/2023/texmf-dist/tex/generic/iftex/iftex.sty
Package: iftex 2022/02/03 v1.0f TeX engine tests
))
\Gm@cnth=\count279
\Gm@cntv=\count280
\c@Gm@tempcnt=\count281
\Gm@bindingoffset=\dimen175
\Gm@wd@mp=\dimen176
\Gm@odd@mp=\dimen177
\Gm@even@mp=\dimen178
\Gm@layoutwidth=\dimen179
\Gm@layoutheight=\dimen180
\Gm@layouthoffset=\dimen181
\Gm@layoutvoffset=\dimen182
\Gm@dimlist=\toks33
)
(/usr/local/texlive/2023/texmf-dist/tex/latex/base/fontenc.sty
Package: fontenc 2021/04/29 v2.0v Standard LaTeX package
LaTeX Font Info:    Trying to load font information for T1+lmr on input line 11
2.

(/usr/local/texlive/2023/texmf-dist/tex/latex/lm/t1lmr.fd
File: t1lmr.fd 2015/05/01 v1.6.1 Font defs for Latin Modern
))
(/usr/local/texlive/2023/texmf-dist/tex/latex/base/inputenc.sty
Package: inputenc 2021/02/14 v1.3d Input encoding file
\inpenc@prehook=\toks34
\inpenc@posthook=\toks35


Package inputenc Warning: inputenc package ignored with utf8 based engines.

) (/usr/local/texlive/2023/texmf-dist/tex/latex/xcharter/XCharter.sty
Package: XCharter 2022/04/16 v1.24

`XCharter' v1.24, 2022/04/16 Text macros for XCharter, an extension of Charter 
(msharpe) (/usr/local/texlive/2023/texmf-dist/tex/latex/xkeyval/xkeyval.sty
Package: xkeyval 2022/06/16 v2.9 package option processing (HA)

(/usr/local/texlive/2023/texmf-dist/tex/generic/xkeyval/xkeyval.tex
(/usr/local/texlive/2023/texmf-dist/tex/generic/xkeyval/xkvutils.tex
\XKV@toks=\toks36
\XKV@tempa@toks=\toks37
)
\XKV@depth=\count282
File: xkeyval.tex 2014/12/03 v2.7a key=value parser (HA)
))
(/usr/local/texlive/2023/texmf-dist/tex/latex/base/textcomp.sty
Package: textcomp 2020/02/02 v2.0n Standard LaTeX package
)
(/usr/local/texlive/2023/texmf-dist/tex/generic/xstring/xstring.sty
(/usr/local/texlive/2023/texmf-dist/tex/generic/xstring/xstring.tex
\integerpart=\count283
\decimalpart=\count284
)
Package: xstring 2023/01/14 v1.85 String manipulations (CT)
)
(/usr/local/texlive/2023/texmf-dist/tex/latex/base/ifthen.sty
Package: ifthen 2022/04/13 v1.1d Standard LaTeX ifthen package (DPC)
)
(/usr/local/texlive/2023/texmf-dist/tex/latex/carlisle/scalefnt.sty)
\xch@cnt=\count285

(/usr/local/texlive/2023/texmf-dist/tex/latex/fontspec/fontspec.sty
(/usr/local/texlive/2023/texmf-dist/tex/latex/l3packages/xparse/xparse.sty
(/usr/local/texlive/2023/texmf-dist/tex/latex/l3kernel/expl3.sty
Package: expl3 2023-02-22 L3 programming layer (loader) 

(/usr/local/texlive/2023/texmf-dist/tex/latex/l3backend/l3backend-xetex.def
File: l3backend-xetex.def 2023-01-16 L3 backend support: XeTeX
\g__graphics_track_int=\count286
\l__pdf_internal_box=\box57
\g__pdf_backend_object_int=\count287
\g__pdf_backend_annotation_int=\count288
\g__pdf_backend_link_int=\count289
))
Package: xparse 2023-02-02 L3 Experimental document command parser
)
Package: fontspec 2022/01/15 v2.8a Font selection for XeLaTeX and LuaLaTeX

(/usr/local/texlive/2023/texmf-dist/tex/latex/fontspec/fontspec-xetex.sty
Package: fontspec-xetex 2022/01/15 v2.8a Font selection for XeLaTeX and LuaLaTe
X
\l__fontspec_script_int=\count290
\l__fontspec_language_int=\count291
\l__fontspec_strnum_int=\count292
\l__fontspec_tmp_int=\count293
\l__fontspec_tmpa_int=\count294
\l__fontspec_tmpb_int=\count295
\l__fontspec_tmpc_int=\count296
\l__fontspec_em_int=\count297
\l__fontspec_emdef_int=\count298
\l__fontspec_strong_int=\count299
\l__fontspec_strongdef_int=\count300
\l__fontspec_tmpa_dim=\dimen183
\l__fontspec_tmpb_dim=\dimen184
\l__fontspec_tmpc_dim=\dimen185

(/usr/local/texlive/2023/texmf-dist/tex/latex/base/fontenc.sty
Package: fontenc 2021/04/29 v2.0v Standard LaTeX package
)
(/usr/local/texlive/2023/texmf-dist/tex/latex/fontspec/fontspec.cfg)))
LaTeX Info: Redefining \textsl on input line 485.
LaTeX Info: Redefining \oldstylenums on input line 503.
LaTeX Info: Redefining \liningnums on input line 507.

(/usr/local/texlive/2023/texmf-dist/tex/latex/xcharter/XCharter.fontspec)
Requested font "[XCharter-Roman.otf]/OT" at 9.99997pt
 -> /usr/local/texlive/2023/texmf-dist/fonts/opentype/public/xcharter/XCharter-
Roman.otf
Requested font "[XCharter-Roman.otf]/OT" at 10.00003pt
 -> /usr/local/texlive/2023/texmf-dist/fonts/opentype/public/xcharter/XCharter-
Roman.otf
Requested font "[XCharter-Roman.otf]/OT:script=latn;language=dflt;" at 10.00003
pt
 -> /usr/local/texlive/2023/texmf-dist/fonts/opentype/public/xcharter/XCharter-
Roman.otf
Requested font "[XCharter-Bold.otf]/OT:script=latn;language=dflt;" at 10.00003p
t
 -> /usr/local/texlive/2023/texmf-dist/fonts/opentype/public/xcharter/XCharter-
Bold.otf
Requested font "[XCharter-Italic.otf]/OT:script=latn;language=dflt;" at 10.0000
3pt
 -> /usr/local/texlive/2023/texmf-dist/fonts/opentype/public/xcharter/XCharter-
Italic.otf
Requested font "[XCharter-Slanted.otf]/OT:script=latn;language=dflt;" at 10.000
03pt
 -> /usr/local/texlive/2023/texmf-dist/fonts/opentype/public/xcharter/XCharter-
Slanted.otf
Requested font "[XCharter-BoldItalic.otf]/OT:script=latn;language=dflt;" at 10.
00003pt
 -> /usr/local/texlive/2023/texmf-dist/fonts/opentype/public/xcharter/XCharter-
BoldItalic.otf
Requested font "[XCharter-BoldSlanted.otf]/OT:script=latn;language=dflt;" at 10
.00003pt
 -> /usr/local/texlive/2023/texmf-dist/fonts/opentype/public/xcharter/XCharter-
BoldSlanted.otf

Package fontspec Info: Font family 'XCharter(0)' created for font 'XCharter'
(fontspec)             with options [Ligatures = TeX,Extension =
(fontspec)             .otf,SmallCapsFeatures={Letters=SmallCaps},Ligatures=TeX
,Extension
(fontspec)             = .otf,UprightFont = XCharter-Roman,BoldFont =
(fontspec)             XCharter-Bold,ItalicFont =
(fontspec)             XCharter-Italic,BoldItalicFont =
(fontspec)             XCharter-BoldItalic,SlantedFont =
(fontspec)             XCharter-Slanted,BoldSlantedFont =
(fontspec)             XCharter-BoldSlanted,SmallCapsFeatures =
(fontspec)             {Letters=SmallCaps},Extension = .otf,Numbers =
(fontspec)             {Monospaced,Lining},Scale = 1,UprightFont =
(fontspec)             *-Roman,ItalicFont = *-Italic,SlantedFont =
(fontspec)             *-Slanted,BoldFont = *-Bold,BoldItalicFont =
(fontspec)             *-BoldItalic,BoldSlantedFont=
(fontspec)             *-BoldSlanted,SmallCapsFeatures={Letters=SmallCaps},Char
acterVariant={1:0}].
(fontspec)              
(fontspec)              This font family consists of the following NFSS
(fontspec)             series/shapes:
(fontspec)              
(fontspec)             - 'normal' (m/n) with NFSS spec.:
(fontspec)             <->s*[1]"[XCharter-Roman.otf]/OT:script=latn;language=df
lt;+tnum;+lnum;+cv01=0;mapping=tex-text;"
(fontspec)             - 'small caps'  (m/sc) with NFSS spec.:
(fontspec)             <->s*[1]"[XCharter-Roman.otf]/OT:script=latn;language=df
lt;+tnum;+lnum;+cv01=0;+smcp;mapping=tex-text;"
(fontspec)             - 'bold' (b/n) with NFSS spec.:
(fontspec)             <->s*[1]"[XCharter-Bold.otf]/OT:script=latn;language=dfl
t;+tnum;+lnum;+cv01=0;mapping=tex-text;"
(fontspec)             - 'bold small caps'  (b/sc) with NFSS spec.:
(fontspec)             <->s*[1]"[XCharter-Bold.otf]/OT:script=latn;language=dfl
t;+tnum;+lnum;+cv01=0;+smcp;mapping=tex-text;"
(fontspec)             - 'italic' (m/it) with NFSS spec.:
(fontspec)             <->s*[1]"[XCharter-Italic.otf]/OT:script=latn;language=d
flt;+tnum;+lnum;+cv01=0;mapping=tex-text;"
(fontspec)             - 'italic small caps'  (m/scit) with NFSS spec.:
(fontspec)             <->s*[1]"[XCharter-Italic.otf]/OT:script=latn;language=d
flt;+tnum;+lnum;+cv01=0;+smcp;mapping=tex-text;"
(fontspec)             - 'slanted' (m/sl) with NFSS spec.:
(fontspec)             <->s*[1]"[XCharter-Slanted.otf]/OT:script=latn;language=
dflt;+tnum;+lnum;+cv01=0;mapping=tex-text;"
(fontspec)             - 'slanted small caps'  (m/scsl) with NFSS spec.:
(fontspec)             <->s*[1]"[XCharter-Slanted.otf]/OT:script=latn;language=
dflt;+tnum;+lnum;+cv01=0;+smcp;mapping=tex-text;"
(fontspec)             - 'bold italic' (b/it) with NFSS spec.:
(fontspec)             <->s*[1]"[XCharter-BoldItalic.otf]/OT:script=latn;langua
ge=dflt;+tnum;+lnum;+cv01=0;mapping=tex-text;"
(fontspec)             - 'bold italic small caps'  (b/scit) with NFSS spec.:
(fontspec)             <->s*[1]"[XCharter-BoldItalic.otf]/OT:script=latn;langua
ge=dflt;+tnum;+lnum;+cv01=0;+smcp;mapping=tex-text;"
(fontspec)             - 'bold slanted' (b/sl) with NFSS spec.:
(fontspec)             <->s*[1]"[XCharter-BoldSlanted.otf]/OT:script=latn;langu
age=dflt;+tnum;+lnum;+cv01=0;mapping=tex-text;"
(fontspec)             - 'bold slanted small caps'  (b/scsl) with NFSS spec.:
(fontspec)             <->s*[1]"[XCharter-BoldSlanted.otf]/OT:script=latn;langu
age=dflt;+tnum;+lnum;+cv01=0;+smcp;mapping=tex-text;"

LaTeX Font Info:    Font shape `TU/XCharter(0)/m/n' will be
(Font)              scaled to size 10.0pt on input line 644.
Requested font "[XCharter-Roman.otf]/OT:script=latn;language=dflt;+tnum;+lnum;+
cv01=0;mapping=tex-text;" at 10.0pt
 -> /usr/local/texlive/2023/texmf-dist/fonts/opentype/public/xcharter/XCharter-
Roman.otf

Package fontspec Info: Font family 'XCharter-Roman(0)' created for font
(fontspec)             'XCharter-Roman' with options [Ligatures =
(fontspec)             TeX,Extension =
(fontspec)             .otf,SmallCapsFeatures={Letters=SmallCaps},BoldFont={},I
talicFont={},SmallCapsFont={},Scale
(fontspec)             = 1,SmallCapsFeatures={Letters=SmallCaps}].
(fontspec)              
(fontspec)              This font family consists of the following NFSS
(fontspec)             series/shapes:
(fontspec)              
(fontspec)             - 'normal' (m/n) with NFSS spec.:
(fontspec)             <->s*[1]"[XCharter-Roman.otf]/OT:script=latn;language=df
lt;mapping=tex-text;"
(fontspec)             - 'small caps'  (m/sc) with NFSS spec.: 

)
(/usr/local/texlive/2023/texmf-dist/tex/latex/fancyhdr/fancyhdr.sty
Package: fancyhdr 2022/11/09 v4.1 Extensive control of page headers and footers

\f@nch@headwidth=\skip57
\f@nch@O@elh=\skip58
\f@nch@O@erh=\skip59
\f@nch@O@olh=\skip60
\f@nch@O@orh=\skip61
\f@nch@O@elf=\skip62
\f@nch@O@erf=\skip63
\f@nch@O@olf=\skip64
\f@nch@O@orf=\skip65
)
(/usr/local/texlive/2023/texmf-dist/tex/latex/titling/titling.sty
Package: titling 2009/09/04 v2.1d maketitle typesetting
\thanksmarkwidth=\skip66
\thanksmargin=\skip67
\droptitle=\skip68
)
(/usr/local/texlive/2023/texmf-dist/tex/latex/lettrine/lettrine.sty
File: lettrine.sty 2022-09-25 v2.30 (Daniel Flipo)

(/usr/local/texlive/2023/texmf-dist/tex/generic/minifp/minifp.sty
Package: minifp 2013/12/30 v0.96. Macros for real number operations and a stack
-based programing language.
\MFP@loopctr=\count301
)
\c@DefaultLines=\count302
\c@DefaultDepth=\count303
\DefaultFindent=\dimen186
\DefaultNindent=\dimen187
\DefaultSlope=\dimen188
\DiscardVskip=\dimen189

Loading lettrine.cfg
(/usr/local/texlive/2023/texmf-dist/tex/latex/lettrine/lettrine.cfg)
\L@lbox=\box58
\L@tbox=\box59
\c@L@lines=\count304
\c@L@depth=\count305
\L@Pindent=\dimen190
\L@Findent=\dimen191
\L@Nindent=\dimen192
\L@lraise=\dimen193
\L@first=\dimen194
\L@next=\dimen195
\L@slope=\dimen196
\L@height=\dimen197
\L@novskip=\dimen198
\L@target@ht=\dimen199
\L@target@dp=\dimen256
\L@target@tht=\dimen257
\LettrineWidth=\dimen258
\LettrineHeight=\dimen259
\LettrineDepth=\dimen260
\Llist@everypar=\toks38
)
(/usr/local/texlive/2023/texmf-dist/tex/latex/base/fix-cm.sty
Package: fix-cm 2020/11/24 v1.1t fixes to LaTeX

(/usr/local/texlive/2023/texmf-dist/tex/latex/base/ts1enc.def
File: ts1enc.def 2001/06/05 v3.0e (jk/car/fm) Standard LaTeX file
LaTeX Font Info:    Redeclaring font encoding TS1 on input line 47.
))
(/usr/local/texlive/2023/texmf-dist/tex/latex/biblatex/biblatex.sty
Package: biblatex 2023/03/05 v3.19 programmable bibliographies (PK/MW)

(/usr/local/texlive/2023/texmf-dist/tex/generic/pdftexcmds/pdftexcmds.sty
Package: pdftexcmds 2020-06-27 v0.33 Utility functions of pdfTeX for LuaTeX (HO
)

(/usr/local/texlive/2023/texmf-dist/tex/generic/infwarerr/infwarerr.sty
Package: infwarerr 2019/12/03 v1.5 Providing info/warning/error messages (HO)
)
(/usr/local/texlive/2023/texmf-dist/tex/generic/ltxcmds/ltxcmds.sty
Package: ltxcmds 2020-05-10 v1.25 LaTeX kernel commands for general use (HO)
)
Package pdftexcmds Info: \pdf@primitive is available.
Package pdftexcmds Info: \pdf@ifprimitive is available.
Package pdftexcmds Info: \pdfdraftmode not found.
)
(/usr/local/texlive/2023/texmf-dist/tex/latex/kvoptions/kvoptions.sty
Package: kvoptions 2022-06-15 v3.15 Key value format for package options (HO)

(/usr/local/texlive/2023/texmf-dist/tex/latex/kvsetkeys/kvsetkeys.sty
Package: kvsetkeys 2022-10-05 v1.19 Key value parser (HO)
))
(/usr/local/texlive/2023/texmf-dist/tex/latex/logreq/logreq.sty
Package: logreq 2010/08/04 v1.0 xml request logger
\lrq@indent=\count306

(/usr/local/texlive/2023/texmf-dist/tex/latex/logreq/logreq.def
File: logreq.def 2010/08/04 v1.0 logreq spec v1.0
))
(/usr/local/texlive/2023/texmf-dist/tex/latex/url/url.sty
\Urlmuskip=\muskip17
Package: url 2013/09/16  ver 3.4  Verb mode for urls, etc.
)
\c@tabx@nest=\count307
\c@listtotal=\count308
\c@listcount=\count309
\c@liststart=\count310
\c@liststop=\count311
\c@citecount=\count312
\c@citetotal=\count313
\c@multicitecount=\count314
\c@multicitetotal=\count315
\c@instcount=\count316
\c@maxnames=\count317
\c@minnames=\count318
\c@maxitems=\count319
\c@minitems=\count320
\c@citecounter=\count321
\c@maxcitecounter=\count322
\c@savedcitecounter=\count323
\c@uniquelist=\count324
\c@uniquename=\count325
\c@refsection=\count326
\c@refsegment=\count327
\c@maxextratitle=\count328
\c@maxextratitleyear=\count329
\c@maxextraname=\count330
\c@maxextradate=\count331
\c@maxextraalpha=\count332
\c@abbrvpenalty=\count333
\c@highnamepenalty=\count334
\c@lownamepenalty=\count335
\c@maxparens=\count336
\c@parenlevel=\count337
\blx@tempcnta=\count338
\blx@tempcntb=\count339
\blx@tempcntc=\count340
\c@blx@maxsection=\count341
\blx@maxsegment@0=\count342
\blx@notetype=\count343
\blx@parenlevel@text=\count344
\blx@parenlevel@foot=\count345
\blx@sectionciteorder@0=\count346
\blx@sectionciteorderinternal@0=\count347
\blx@entrysetcounter=\count348
\blx@biblioinstance=\count349
\labelnumberwidth=\skip69
\labelalphawidth=\skip70
\biblabelsep=\skip71
\bibitemsep=\skip72
\bibnamesep=\skip73
\bibinitsep=\skip74
\bibparsep=\skip75
\bibhang=\skip76
\blx@bcfin=\read2
\blx@bcfout=\write3
\blx@langwohyphens=\language87
\c@mincomprange=\count350
\c@maxcomprange=\count351
\c@mincompwidth=\count352
Package biblatex Info: Trying to load biblatex default data model...
Package biblatex Info: ... file 'blx-dm.def' found.

(/usr/local/texlive/2023/texmf-dist/tex/latex/biblatex/blx-dm.def
File: blx-dm.def 2023/03/05 v3.19 biblatex localization (PK/MW)
)
Package biblatex Info: Trying to load biblatex custom data model...
Package biblatex Info: ... file 'biblatex-dm.cfg' not found.
\c@afterword=\count353
\c@savedafterword=\count354
\c@annotator=\count355
\c@savedannotator=\count356
\c@author=\count357
\c@savedauthor=\count358
\c@bookauthor=\count359
\c@savedbookauthor=\count360
\c@commentator=\count361
\c@savedcommentator=\count362
\c@editor=\count363
\c@savededitor=\count364
\c@editora=\count365
\c@savededitora=\count366
\c@editorb=\count367
\c@savededitorb=\count368
\c@editorc=\count369
\c@savededitorc=\count370
\c@foreword=\count371
\c@savedforeword=\count372
\c@holder=\count373
\c@savedholder=\count374
\c@introduction=\count375
\c@savedintroduction=\count376
\c@namea=\count377
\c@savednamea=\count378
\c@nameb=\count379
\c@savednameb=\count380
\c@namec=\count381
\c@savednamec=\count382
\c@translator=\count383
\c@savedtranslator=\count384
\c@shortauthor=\count385
\c@savedshortauthor=\count386
\c@shorteditor=\count387
\c@savedshorteditor=\count388
\c@labelname=\count389
\c@savedlabelname=\count390
\c@institution=\count391
\c@savedinstitution=\count392
\c@lista=\count393
\c@savedlista=\count394
\c@listb=\count395
\c@savedlistb=\count396
\c@listc=\count397
\c@savedlistc=\count398
\c@listd=\count399
\c@savedlistd=\count400
\c@liste=\count401
\c@savedliste=\count402
\c@listf=\count403
\c@savedlistf=\count404
\c@location=\count405
\c@savedlocation=\count406
\c@organization=\count407
\c@savedorganization=\count408
\c@origlocation=\count409
\c@savedoriglocation=\count410
\c@origpublisher=\count411
\c@savedorigpublisher=\count412
\c@publisher=\count413
\c@savedpublisher=\count414
\c@language=\count415
\c@savedlanguage=\count416
\c@origlanguage=\count417
\c@savedoriglanguage=\count418
\c@pageref=\count419
\c@savedpageref=\count420
\shorthandwidth=\skip77
\shortjournalwidth=\skip78
\shortserieswidth=\skip79
\shorttitlewidth=\skip80
\shortauthorwidth=\skip81
\shorteditorwidth=\skip82
\locallabelnumberwidth=\skip83
\locallabelalphawidth=\skip84
\localshorthandwidth=\skip85
\localshortjournalwidth=\skip86
\localshortserieswidth=\skip87
\localshorttitlewidth=\skip88
\localshortauthorwidth=\skip89
\localshorteditorwidth=\skip90
Package biblatex Info: Trying to load enhanced support for Unicode engines...
Package biblatex Info: ... file 'blx-unicode.def' found.

(/usr/local/texlive/2023/texmf-dist/tex/latex/biblatex/blx-unicode.def)
Package biblatex Info: Trying to load compatibility code...
Package biblatex Info: ... file 'blx-compat.def' found.

(/usr/local/texlive/2023/texmf-dist/tex/latex/biblatex/blx-compat.def
File: blx-compat.def 2023/03/05 v3.19 biblatex compatibility (PK/MW)
)
Package biblatex Info: Trying to load BibTeX backend compatibility...
Package biblatex Info: ... file 'blx-bibtex.def' found.

(/usr/local/texlive/2023/texmf-dist/tex/latex/biblatex/blx-bibtex.def
File: blx-bibtex.def 2023/03/05 v3.19 biblatex compatibility (PK/MW)


Package biblatex Warning: Using fall-back bibtex backend:
(biblatex)                functionality may be reduced/unavailable.

)
Package biblatex Info: Trying to load generic definitions...
Package biblatex Info: ... file 'biblatex.def' found.
 (/usr/local/texlive/2023/texmf-dist/tex/latex/biblatex/biblatex.def
File: biblatex.def 2023/03/05 v3.19 biblatex compatibility (PK/MW)
\c@textcitecount=\count421
\c@textcitetotal=\count422
\c@textcitemaxnames=\count423
\c@biburlbigbreakpenalty=\count424
\c@biburlbreakpenalty=\count425
\c@biburlnumpenalty=\count426
\c@biburlucpenalty=\count427
\c@biburllcpenalty=\count428
\biburlbigskip=\muskip18
\biburlnumskip=\muskip19
\biburlucskip=\muskip20
\biburllcskip=\muskip21
\c@smartand=\count429
)
Package biblatex Info: Trying to load natbib compatibility...
Package biblatex Info: ... file 'blx-natbib.def' found.

(/usr/local/texlive/2023/texmf-dist/tex/latex/biblatex/blx-natbib.def
File: blx-natbib.def 2023/03/05 v3.19 biblatex compatibility (PK/MW)
Package biblatex Info: Delimiter 'nameyeardelim' in context '' already defined,
 overwriting.
)
Package biblatex Info: Trying to load bibliography style 'numeric'...
Package biblatex Info: ... file 'numeric.bbx' found.

(/usr/local/texlive/2023/texmf-dist/tex/latex/biblatex/bbx/numeric.bbx
File: numeric.bbx 2023/03/05 v3.19 biblatex bibliography style (PK/MW)
Package biblatex Info: Trying to load bibliography style 'standard'...
Package biblatex Info: ... file 'standard.bbx' found.

(/usr/local/texlive/2023/texmf-dist/tex/latex/biblatex/bbx/standard.bbx
File: standard.bbx 2023/03/05 v3.19 biblatex bibliography style (PK/MW)
\c@bbx:relatedcount=\count430
\c@bbx:relatedtotal=\count431
))
Package biblatex Info: Trying to load citation style 'numeric'...
Package biblatex Info: ... file 'numeric.cbx' found.

(/usr/local/texlive/2023/texmf-dist/tex/latex/biblatex/cbx/numeric.cbx
File: numeric.cbx 2023/03/05 v3.19 biblatex citation style (PK/MW)
Package biblatex Info: Redefining '\cite'.
Package biblatex Info: Redefining '\parencite'.
Package biblatex Info: Redefining '\footcite'.
Package biblatex Info: Redefining '\footcitetext'.
Package biblatex Info: Redefining '\smartcite'.
Package biblatex Info: Redefining '\supercite'.
Package biblatex Info: Redefining '\textcite'.
Package biblatex Info: Redefining '\textcites'.
Package biblatex Info: Redefining '\cites'.
Package biblatex Info: Redefining '\parencites'.
Package biblatex Info: Redefining '\smartcites'.
)
Package biblatex Info: Trying to load configuration file...
Package biblatex Info: ... file 'biblatex.cfg' found.

(/usr/local/texlive/2023/texmf-dist/tex/latex/biblatex/biblatex.cfg
File: biblatex.cfg 
)
Package biblatex Info: XeTeX detected.
(biblatex)             Assuming input encoding 'utf8'.
Package biblatex Info: Document encoding is UTF8 ....
Package biblatex Info: ... and expl3
(biblatex)             2023-02-22 L3 programming layer (loader) 
(biblatex)             is new enough (at least 2020/04/06),
(biblatex)             setting 'casechanger=expl3'.

(/usr/local/texlive/2023/texmf-dist/tex/latex/biblatex/blx-case-expl3.sty
Package: blx-case-expl3 2023/03/05 v3.19 expl3 case changing code for biblatex
)))
(/usr/local/texlive/2023/texmf-dist/tex/latex/csquotes/csquotes.sty
Package: csquotes 2022-09-14 v5.2n context-sensitive quotations (JAW)
\csq@reset=\count432
\csq@gtype=\count433
\csq@glevel=\count434
\csq@qlevel=\count435
\csq@maxlvl=\count436
\csq@tshold=\count437
\csq@ltx@everypar=\toks39

(/usr/local/texlive/2023/texmf-dist/tex/latex/csquotes/csquotes.def
File: csquotes.def 2022-09-14 v5.2n csquotes generic definitions (JAW)
)
Package csquotes Info: Trying to load configuration file 'csquotes.cfg'...
Package csquotes Info: ... configuration file loaded successfully.

(/usr/local/texlive/2023/texmf-dist/tex/latex/csquotes/csquotes.cfg
File: csquotes.cfg 
)
Package csquotes Info: Enabling multilingual quotes.
)
Package csquotes Info: Checking for multilingual support...
Package csquotes Info: ... none found.


Package csquotes Warning: No multilingual support.
(csquotes)                Cannot enable multilingual quotes on input line 45.

(./main.aux)
\openout1 = `main.aux'.

LaTeX Font Info:    Checking defaults for OML/cmm/m/it on input line 45.
LaTeX Font Info:    ... okay on input line 45.
LaTeX Font Info:    Checking defaults for OMS/cmsy/m/n on input line 45.
LaTeX Font Info:    ... okay on input line 45.
LaTeX Font Info:    Checking defaults for OT1/cmr/m/n on input line 45.
LaTeX Font Info:    ... okay on input line 45.
LaTeX Font Info:    Checking defaults for T1/cmr/m/n on input line 45.
LaTeX Font Info:    ... okay on input line 45.
LaTeX Font Info:    Checking defaults for TS1/cmr/m/n on input line 45.
LaTeX Font Info:    ... okay on input line 45.
LaTeX Font Info:    Checking defaults for TU/lmr/m/n on input line 45.
LaTeX Font Info:    ... okay on input line 45.
LaTeX Font Info:    Checking defaults for OMX/cmex/m/n on input line 45.
LaTeX Font Info:    ... okay on input line 45.
LaTeX Font Info:    Checking defaults for U/cmr/m/n on input line 45.
LaTeX Font Info:    ... okay on input line 45.
LaTeX Info: Redefining \microtypecontext on input line 45.
Package microtype Info: Applying patch `item' on input line 45.
Package microtype Info: Applying patch `toc' on input line 45.
Package microtype Info: Applying patch `eqnum' on input line 45.
Package microtype Info: Applying patch `footnote' on input line 45.
Package microtype Info: Applying patch `verbatim' on input line 45.
Package microtype Info: Character protrusion enabled (level 2).
Package microtype Info: Using default protrusion set `alltext'.
Package microtype Info: No adjustment of tracking.
Package microtype Info: No adjustment of spacing.
Package microtype Info: No adjustment of kerning.
Package microtype Info: Loading generic protrusion settings for font family
(microtype)             `XCharter' (encoding: TU).
(microtype)             For optimal results, create family-specific settings.
(microtype)             See the microtype manual for details.
Package caption Info: Begin \AtBeginDocument code.
Package caption Info: float package is loaded.
Package caption Info: End \AtBeginDocument code.

*geometry* driver: auto-detecting
*geometry* detected driver: xetex
*geometry* verbose mode - [ preamble ] result:
* driver: xetex
* paper: a4paper
* layout: <same size as paper>
* layoutoffset:(h,v)=(0.0pt,0.0pt)
* modes: includehead includefoot 
* h-part:(L,W,R)=(56.9055pt, 483.69687pt, 56.9055pt)
* v-part:(T,H,B)=(28.45274pt, 773.91498pt, 42.67912pt)
* \paperwidth=597.50787pt
* \paperheight=845.04684pt
* \textwidth=483.69687pt
* \textheight=706.91498pt
* \oddsidemargin=-15.36449pt
* \evensidemargin=-15.36449pt
* \topmargin=-43.81725pt
* \headheight=12.0pt
* \headsep=25.0pt
* \topskip=10.0pt
* \footskip=30.0pt
* \marginparwidth=4.0pt
* \marginparsep=10.0pt
* \columnsep=19.91692pt
* \skip\footins=9.0pt plus 4.0pt minus 2.0pt
* \hoffset=0.0pt
* \voffset=0.0pt
* \mag=1000
* \@twocolumntrue
* \@twosidefalse
* \@mparswitchfalse
* \@reversemarginfalse
* (1in=72.27pt=25.4mm, 1cm=28.453pt)

Package biblatex Info: Trying to load language 'english'...
Package biblatex Info: ... file 'english.lbx' found.
(/usr/local/texlive/2023/texmf-dist/tex/latex/biblatex/lbx/english.lbx
File: english.lbx 2023/03/05 v3.19 biblatex localization (PK/MW)
)
Package biblatex Info: XeTeX detected.
(biblatex)             Assuming input encoding 'utf8'.
Package biblatex Info: Automatic encoding selection.
(biblatex)             Assuming data encoding 'utf8'.
Package biblatex Info: XeTeX detected.
(biblatex)             Assuming input encoding 'utf8'.
Package biblatex Info: Data encoding 'utf8' specified.
(biblatex)             No need to reencode data.
\openout3 = `main-blx.bib'.

Package biblatex Info: Trying to load bibliographic data...
Package biblatex Info: ... file 'main.bbl' found.

(./main.bbl)
Package biblatex Info: Reference section=0 on input line 45.
Package biblatex Info: Reference segment=0 on input line 45.
LaTeX Font Info:    Trying to load font information for OT1+phv on input line 4
7.
 (/usr/local/texlive/2023/texmf-dist/tex/latex/psnfss/ot1phv.fd
File: ot1phv.fd 2020/03/25 scalable font definitions for OT1/phv.
)
Requested font "phvb7t" at 32.0pt
 -> /usr/local/texlive/2023/texmf-dist/fonts/tfm/adobe/helvetic/phvb7t.tfm
Package microtype Info: Loading generic protrusion settings for font family
(microtype)             `phv' (encoding: OT1).
(microtype)             For optimal results, create family-specific settings.
(microtype)             See the microtype manual for details.
LaTeX Font Info:    Font shape `TU/XCharter(0)/m/n' will be
(Font)              scaled to size 12.0pt on input line 47.
Requested font "[XCharter-Roman.otf]/OT:script=latn;language=dflt;+tnum;+lnum;+
cv01=0;mapping=tex-text;" at 12.0pt
 -> /usr/local/texlive/2023/texmf-dist/fonts/opentype/public/xcharter/XCharter-
Roman.otf
Requested font "phvb7t" at 12.0pt
 -> /usr/local/texlive/2023/texmf-dist/fonts/tfm/adobe/helvetic/phvb7t.tfm
Requested font "cmr12" at 12.0pt
 -> /usr/local/texlive/2023/texmf-dist/fonts/tfm/public/cm/cmr12.tfm

(/usr/local/texlive/2023/texmf-dist/tex/latex/microtype/mt-cmr.cfg
File: mt-cmr.cfg 2013/05/19 v2.2 microtype config. file: Computer Modern Roman 
(RS)
)
Requested font "cmr8" at 8.0pt
 -> /usr/local/texlive/2023/texmf-dist/fonts/tfm/public/cm/cmr8.tfm
Requested font "cmr6" at 6.0pt
 -> /usr/local/texlive/2023/texmf-dist/fonts/tfm/public/cm/cmr6.tfm
Requested font "cmmi12" at 12.0pt
 -> /usr/local/texlive/2023/texmf-dist/fonts/tfm/public/cm/cmmi12.tfm
Requested font "cmmi8" at 8.0pt
 -> /usr/local/texlive/2023/texmf-dist/fonts/tfm/public/cm/cmmi8.tfm
Requested font "cmmi6" at 6.0pt
 -> /usr/local/texlive/2023/texmf-dist/fonts/tfm/public/cm/cmmi6.tfm
Requested font "cmsy10" at 12.0pt
 -> /usr/local/texlive/2023/texmf-dist/fonts/tfm/public/cm/cmsy10.tfm
Requested font "cmsy8" at 8.0pt
 -> /usr/local/texlive/2023/texmf-dist/fonts/tfm/public/cm/cmsy8.tfm
Requested font "cmsy6" at 6.0pt
 -> /usr/local/texlive/2023/texmf-dist/fonts/tfm/public/cm/cmsy6.tfm
Requested font "cmex10" at 12.0pt
 -> /usr/local/texlive/2023/texmf-dist/fonts/tfm/public/cm/cmex10.tfm
Requested font "cmex8" at 8.0pt
 -> /usr/local/texlive/2023/texmf-dist/fonts/tfm/public/amsfonts/cmextra/cmex8.
tfm
Requested font "cmex7" at 6.0pt
 -> /usr/local/texlive/2023/texmf-dist/fonts/tfm/public/amsfonts/cmextra/cmex7.
tfm
LaTeX Font Info:    Trying to load font information for U+msa on input line 47.


(/usr/local/texlive/2023/texmf-dist/tex/latex/amsfonts/umsa.fd
File: umsa.fd 2013/01/14 v3.01 AMS symbols A
)
Requested font "msam10" at 12.0pt
 -> /usr/local/texlive/2023/texmf-dist/fonts/tfm/public/amsfonts/symbols/msam10
.tfm

(/usr/local/texlive/2023/texmf-dist/tex/latex/microtype/mt-msa.cfg
File: mt-msa.cfg 2006/02/04 v1.1 microtype config. file: AMS symbols (a) (RS)
)
Requested font "msam10" at 8.0pt
 -> /usr/local/texlive/2023/texmf-dist/fonts/tfm/public/amsfonts/symbols/msam10
.tfm
Requested font "msam7" at 6.0pt
 -> /usr/local/texlive/2023/texmf-dist/fonts/tfm/public/amsfonts/symbols/msam7.
tfm
LaTeX Font Info:    Trying to load font information for U+msb on input line 47.


(/usr/local/texlive/2023/texmf-dist/tex/latex/amsfonts/umsb.fd
File: umsb.fd 2013/01/14 v3.01 AMS symbols B
)
Requested font "msbm10" at 12.0pt
 -> /usr/local/texlive/2023/texmf-dist/fonts/tfm/public/amsfonts/symbols/msbm10
.tfm

(/usr/local/texlive/2023/texmf-dist/tex/latex/microtype/mt-msb.cfg
File: mt-msb.cfg 2005/06/01 v1.0 microtype config. file: AMS symbols (b) (RS)
)
Requested font "msbm10" at 8.0pt
 -> /usr/local/texlive/2023/texmf-dist/fonts/tfm/public/amsfonts/symbols/msbm10
.tfm
Requested font "msbm7" at 6.0pt
 -> /usr/local/texlive/2023/texmf-dist/fonts/tfm/public/amsfonts/symbols/msbm7.
tfm
Requested font "phvb7t" at 8.0pt
 -> /usr/local/texlive/2023/texmf-dist/fonts/tfm/adobe/helvetic/phvb7t.tfm
Requested font "cmex7" at 7.0pt
 -> /usr/local/texlive/2023/texmf-dist/fonts/tfm/public/amsfonts/cmextra/cmex7.
tfm
Requested font "cmex7" at 5.0pt
 -> /usr/local/texlive/2023/texmf-dist/fonts/tfm/public/amsfonts/cmextra/cmex7.
tfm
Requested font "msam10" at 10.0pt
 -> /usr/local/texlive/2023/texmf-dist/fonts/tfm/public/amsfonts/symbols/msam10
.tfm
Requested font "msam7" at 7.0pt
 -> /usr/local/texlive/2023/texmf-dist/fonts/tfm/public/amsfonts/symbols/msam7.
tfm
Requested font "msam5" at 5.0pt
 -> /usr/local/texlive/2023/texmf-dist/fonts/tfm/public/amsfonts/symbols/msam5.
tfm
Requested font "msbm10" at 10.0pt
 -> /usr/local/texlive/2023/texmf-dist/fonts/tfm/public/amsfonts/symbols/msbm10
.tfm
Requested font "msbm7" at 7.0pt
 -> /usr/local/texlive/2023/texmf-dist/fonts/tfm/public/amsfonts/symbols/msbm7.
tfm
Requested font "msbm5" at 5.0pt
 -> /usr/local/texlive/2023/texmf-dist/fonts/tfm/public/amsfonts/symbols/msbm5.
tfm
LaTeX Font Info:    Font shape `TU/XCharter(0)/m/n' will be
(Font)              scaled to size 7.0pt on input line 47.
Requested font "[XCharter-Roman.otf]/OT:script=latn;language=dflt;+tnum;+lnum;+
cv01=0;mapping=tex-text;" at 7.0pt
 -> /usr/local/texlive/2023/texmf-dist/fonts/opentype/public/xcharter/XCharter-
Roman.otf
LaTeX Font Info:    Font shape `TU/XCharter(0)/m/n' will be
(Font)              scaled to size 8.0pt on input line 47.
Requested font "[XCharter-Roman.otf]/OT:script=latn;language=dflt;+tnum;+lnum;+
cv01=0;mapping=tex-text;" at 8.0pt
 -> /usr/local/texlive/2023/texmf-dist/fonts/opentype/public/xcharter/XCharter-
Roman.otf
Requested font "phvro7t" at 8.0pt
 -> /usr/local/texlive/2023/texmf-dist/fonts/tfm/adobe/helvetic/phvro7t.tfm

Underfull \hbox (badness 10000) in paragraph at lines 47--47

 []

LaTeX Font Info:    Font shape `TU/XCharter(0)/m/sc' will be
(Font)              scaled to size 10.0pt on input line 55.
Requested font "[XCharter-Roman.otf]/OT:script=latn;language=dflt;+tnum;+lnum;+
cv01=0;+smcp;mapping=tex-text;" at 10.0pt
 -> /usr/local/texlive/2023/texmf-dist/fonts/opentype/public/xcharter/XCharter-
Roman.otf
LaTeX Font Info:    Font shape `TU/XCharter(0)/m/n' will be
(Font)              scaled to size 28.93pt on input line 55.
Requested font "[XCharter-Roman.otf]/OT:script=latn;language=dflt;+tnum;+lnum;+
cv01=0;mapping=tex-text;" at 28.93pt
 -> /usr/local/texlive/2023/texmf-dist/fonts/opentype/public/xcharter/XCharter-
Roman.otf
LaTeX Font Info:    Font shape `TU/XCharter(0)/m/n' will be
(Font)              scaled to size 43.11467pt on input line 55.
Requested font "[XCharter-Roman.otf]/OT:script=latn;language=dflt;+tnum;+lnum;+
cv01=0;mapping=tex-text;" at 43.11467pt
 -> /usr/local/texlive/2023/texmf-dist/fonts/opentype/public/xcharter/XCharter-
Roman.otf
Package lettrine.sty Info: Targeted height = 28.93pt
(lettrine.sty)             (for loversize=0, accent excluded),
(lettrine.sty)             Lettrine height = 28.92995pt (\color {DarkGoldenrod}
{P});
(lettrine.sty)             reported on input line 55.
LaTeX Font Info:    Font shape `TU/XCharter(0)/b/n' will be
(Font)              scaled to size 10.0pt on input line 55.
Requested font "[XCharter-Bold.otf]/OT:script=latn;language=dflt;+tnum;+lnum;+c
v01=0;mapping=tex-text;" at 10.0pt
 -> /usr/local/texlive/2023/texmf-dist/fonts/opentype/public/xcharter/XCharter-
Bold.otf
LaTeX Font Info:    Font shape `TU/XCharter(0)/m/n' will be
(Font)              scaled to size 14.4pt on input line 61.
Requested font "[XCharter-Roman.otf]/OT:script=latn;language=dflt;+tnum;+lnum;+
cv01=0;mapping=tex-text;" at 14.4pt
 -> /usr/local/texlive/2023/texmf-dist/fonts/opentype/public/xcharter/XCharter-
Roman.otf
LaTeX Font Info:    Font shape `TU/XCharter(0)/b/n' will be
(Font)              scaled to size 14.4pt on input line 61.
Requested font "[XCharter-Bold.otf]/OT:script=latn;language=dflt;+tnum;+lnum;+c
v01=0;mapping=tex-text;" at 14.4pt
 -> /usr/local/texlive/2023/texmf-dist/fonts/opentype/public/xcharter/XCharter-
Bold.otf
Requested font "phvb7t" at 14.4pt
 -> /usr/local/texlive/2023/texmf-dist/fonts/tfm/adobe/helvetic/phvb7t.tfm
File: Figure1.png Graphic file (type bmp)
<Figure1.png>
LaTeX Font Info:    Font shape `TU/XCharter(0)/m/n' will be
(Font)              scaled to size 9.0pt on input line 82.
Requested font "[XCharter-Roman.otf]/OT:script=latn;language=dflt;+tnum;+lnum;+
cv01=0;mapping=tex-text;" at 9.0pt
 -> /usr/local/texlive/2023/texmf-dist/fonts/opentype/public/xcharter/XCharter-
Roman.otf
LaTeX Font Info:    Font shape `TU/XCharter(0)/b/n' will be
(Font)              scaled to size 9.0pt on input line 82.
Requested font "[XCharter-Bold.otf]/OT:script=latn;language=dflt;+tnum;+lnum;+c
v01=0;mapping=tex-text;" at 9.0pt
 -> /usr/local/texlive/2023/texmf-dist/fonts/opentype/public/xcharter/XCharter-
Bold.otf
LaTeX Font Info:    Font shape `TU/XCharter(0)/m/it' will be
(Font)              scaled to size 9.0pt on input line 82.
Requested font "[XCharter-Italic.otf]/OT:script=latn;language=dflt;+tnum;+lnum;
+cv01=0;mapping=tex-text;" at 9.0pt
 -> /usr/local/texlive/2023/texmf-dist/fonts/opentype/public/xcharter/XCharter-
Italic.otf
[1


]
LaTeX Font Info:    Font shape `TU/XCharter(0)/b/n' will be
(Font)              scaled to size 12.0pt on input line 99.
Requested font "[XCharter-Bold.otf]/OT:script=latn;language=dflt;+tnum;+lnum;+c
v01=0;mapping=tex-text;" at 12.0pt
 -> /usr/local/texlive/2023/texmf-dist/fonts/opentype/public/xcharter/XCharter-
Bold.otf
Requested font "phvb7t" at 10.0pt
 -> /usr/local/texlive/2023/texmf-dist/fonts/tfm/adobe/helvetic/phvb7t.tfm

Underfull \hbox (badness 1033) in paragraph at lines 120--121
\TU/XCharter(0)/m/n/10 ter types: the linearly-constrained minimum vari-
 []

LaTeX Font Info:    Font shape `TU/XCharter(0)/m/it' will be
(Font)              scaled to size 10.0pt on input line 121.
Requested font "[XCharter-Italic.otf]/OT:script=latn;language=dflt;+tnum;+lnum;
+cv01=0;mapping=tex-text;" at 10.0pt
 -> /usr/local/texlive/2023/texmf-dist/fonts/opentype/public/xcharter/XCharter-
Italic.otf
[2]
Underfull \hbox (badness 3364) in paragraph at lines 153--154
[]\TU/XCharter(0)/m/n/10 signal-to-diffuse ratio
 []


Underfull \hbox (badness 2080) in paragraph at lines 194--195
\TU/XCharter(0)/m/n/10 relation is important for auditory spatial impres-
 []


Underfull \hbox (badness 6141) in paragraph at lines 196--197
[]\TU/XCharter(0)/m/n/10 The decorrelation can be implemented using
 []


Underfull \vbox (badness 1715) has occurred while \output is active []

 [3]
Requested font "[lmmono10-regular]:" at 10.0pt
 -> /usr/local/texlive/2023/texmf-dist/fonts/opentype/public/lm/lmmono10-regula
r.otf
Package microtype Info: Loading generic protrusion settings for font family
(microtype)             `lmtt' (encoding: TU).
(microtype)             For optimal results, create family-specific settings.
(microtype)             See the microtype manual for details.

Underfull \hbox (badness 1960) in paragraph at lines 212--212
[]\TU/XCharter(0)/m/n/10 Emanuël A. P. Habets and Oliver Thiergart.
 []


Underfull \hbox (badness 10000) in paragraph at lines 212--212
\TU/XCharter(0)/m/n/10 “  Parametric Spatial Audio Processing: An
 []


Underfull \hbox (badness 2662) in paragraph at lines 212--212
\TU/XCharter(0)/m/n/10 Processing, and Reproduction”. In: \TU/XCharter(0)/m/it/
10 EURASIP
 []

[4] 
enddocument/afterlastpage: lastpage setting LastPage.
(./main.aux)

LaTeX Warning: Label(s) may have changed. Rerun to get cross-references right.

Package logreq Info: Writing requests to 'main.run.xml'.
\openout1 = `main.run.xml'.

 ) 
Here is how much of TeX's memory you used:
 19662 strings out of 476683
 407701 string characters out of 5804048
 1871018 words of memory out of 5000000
 39618 multiletter control sequences out of 15000+600000
 525178 words of font info for 91 fonts, out of 8000000 for 9000
 1348 hyphenation exceptions out of 8191
 92i,15n,117p,1935b,4933s stack positions out of 10000i,1000n,20000p,200000b,200000s

Output written on main.pdf (4 pages).
